Using pre-set license
Built from '2020.2/release' branch; Version is '2020.2.1f1 (270dd8c3da1c) revision 2559448'; Using compiler version '192528614'; Build Type 'Release'
OS: 'Windows 10  (10.0.0) 64bit' Language: 'en' Physical Memory: 16145 MB
BatchMode: 1, IsHumanControllingUs: 0, StartBugReporterOnCrash: 0, Is64bit: 1, IsPro: 0

 COMMAND LINE ARGUMENTS:
C:\Program Files\Unity\2020.2.1f1\Editor\Unity.exe
-adb2
-batchMode
-noUpm
-name
AssetImportWorker1
-projectPath
C:/Users/angel/Desktop/School/Game Engines 4/Final Exam - Game Jam
-logFile
Logs/AssetImportWorker1.log
-srvPort
62164
Successfully changed project path to: C:/Users/angel/Desktop/School/Game Engines 4/Final Exam - Game Jam
C:/Users/angel/Desktop/School/Game Engines 4/Final Exam - Game Jam
Using Asset Import Pipeline V2.
Refreshing native plugins compatible for Editor in 24.92 ms, found 0 plugins.
Preloading 0 native plugins for Editor in 0.00 ms.
Initialize engine version: 2020.2.1f1 (270dd8c3da1c)
[Subsystems] Discovering subsystems at path C:/Program Files/Unity/2020.2.1f1/Editor/Data/Resources/UnitySubsystems
[Subsystems] Discovering subsystems at path C:/Users/angel/Desktop/School/Game Engines 4/Final Exam - Game Jam/Assets
GfxDevice: creating device client; threaded=0
Direct3D:
    Version:  Direct3D 11.0 [level 11.1]
    Renderer: NVIDIA GeForce RTX 2060 (ID=0x1f15)
    Vendor:   
    VRAM:     5980 MB
    Driver:   27.21.14.6192
Initialize mono
Mono path[0] = 'C:/Program Files/Unity/2020.2.1f1/Editor/Data/Managed'
Mono path[1] = 'C:/Program Files/Unity/2020.2.1f1/Editor/Data/MonoBleedingEdge/lib/mono/unityjit'
Mono config path = 'C:/Program Files/Unity/2020.2.1f1/Editor/Data/MonoBleedingEdge/etc'
Using monoOptions --debugger-agent=transport=dt_socket,embedding=1,server=y,suspend=n,address=127.0.0.1:56248
Begin MonoManager ReloadAssembly
Registering precompiled unity dll's ...
Register platform support module: C:/Program Files/Unity/2020.2.1f1/Editor/Data/PlaybackEngines/WebGLSupport/UnityEditor.WebGL.Extensions.dll
Register platform support module: C:/Program Files/Unity/2020.2.1f1/Editor/Data/PlaybackEngines/WindowsStandaloneSupport/UnityEditor.WindowsStandalone.Extensions.dll
Registered in 0.001570 seconds.
Native extension for WindowsStandalone target not found
Native extension for WebGL target not found
Refreshing native plugins compatible for Editor in 24.65 ms, found 0 plugins.
Preloading 0 native plugins for Editor in 0.00 ms.
Invoked RoslynAnalysisRunner static constructor.
RoslynAnalysisRunner will not be running.
RoslynAnalysisRunner has terminated.
Mono: successfully reloaded assembly
- Completed reload, in  1.588 seconds
Platform modules already initialized, skipping
Registering precompiled user dll's ...
Registered in 0.000641 seconds.
Begin MonoManager ReloadAssembly
Native extension for WindowsStandalone target not found
Native extension for WebGL target not found
Refreshing native plugins compatible for Editor in 27.62 ms, found 0 plugins.
Preloading 0 native plugins for Editor in 0.00 ms.
Invoked RoslynAnalysisRunner static constructor.
RoslynAnalysisRunner will not be running.
RoslynAnalysisRunner has terminated.
Mono: successfully reloaded assembly
- Completed reload, in  0.771 seconds
Platform modules already initialized, skipping
========================================================================
Worker process is ready to serve import requests
Launched and connected shader compiler UnityShaderCompiler.exe after 0.02 seconds
Refreshing native plugins compatible for Editor in 0.23 ms, found 0 plugins.
Preloading 0 native plugins for Editor in 0.00 ms.
Unloading 1560 Unused Serialized files (Serialized files now loaded: 0)
System memory in use before: 74.1 MB.
System memory in use after: 74.1 MB.

Unloading 13 unused Assets to reduce memory usage. Loaded Objects now: 2003.
Total: 1.778700 ms (FindLiveObjects: 0.172300 ms CreateObjectMapping: 0.072700 ms MarkObjects: 1.480000 ms  DeleteObjects: 0.052600 ms)

========================================================================
Received Import Request.
  path: Assets/InputSystem.inputsettings.asset
  artifactKey: Guid(8e6dba665c2336b4299e6e3b6802188d) Importer(815301076,1909f56bfc062723c751e8b465ee728b)
Start importing Assets/InputSystem.inputsettings.asset using Guid(8e6dba665c2336b4299e6e3b6802188d) Importer(815301076,1909f56bfc062723c751e8b465ee728b)  -> (artifact id: '251a125991d93ac336e3de7368c846d1') in 0.047997 seconds
  Import took 0.050045 seconds .

========================================================================
Received Import Request.
  Time since last request: 6.401374 seconds.
  path: Assets/Scripts/InputMaster.inputactions
  artifactKey: Guid(15d75c4492d84204cb384752e8ed348f) Importer(815301076,1909f56bfc062723c751e8b465ee728b)
Start importing Assets/Scripts/InputMaster.inputactions using Guid(15d75c4492d84204cb384752e8ed348f) Importer(815301076,1909f56bfc062723c751e8b465ee728b)  -> (artifact id: '050ce06f103c46665e19f335e6ad73e5') in 0.013517 seconds
  Import took 0.016254 seconds .

========================================================================
Received Import Request.
  Time since last request: 0.005755 seconds.
  path: Assets/Scripts/InputMaster.inputactions
  artifactKey: Guid(15d75c4492d84204cb384752e8ed348f) Importer(815301076,1909f56bfc062723c751e8b465ee728b)
Start importing Assets/Scripts/InputMaster.inputactions using Guid(15d75c4492d84204cb384752e8ed348f) Importer(815301076,1909f56bfc062723c751e8b465ee728b)  -> (artifact id: '050ce06f103c46665e19f335e6ad73e5') in 0.003211 seconds
  Import took 0.005675 seconds .

========================================================================
Received Import Request.
  Time since last request: 6.372813 seconds.
  path: Assets/Scripts/InputMaster.inputactions
  artifactKey: Guid(15d75c4492d84204cb384752e8ed348f) Importer(815301076,1909f56bfc062723c751e8b465ee728b)
Start importing Assets/Scripts/InputMaster.inputactions using Guid(15d75c4492d84204cb384752e8ed348f) Importer(815301076,1909f56bfc062723c751e8b465ee728b)  -> (artifact id: '14292373cdea67bec29ac84ae6977641') in 0.003109 seconds
  Import took 0.005671 seconds .

========================================================================
Received Prepare
Registering precompiled user dll's ...
Registered in 0.000729 seconds.
Begin MonoManager ReloadAssembly
Native extension for WindowsStandalone target not found
Native extension for WebGL target not found
Refreshing native plugins compatible for Editor in 0.24 ms, found 0 plugins.
Preloading 0 native plugins for Editor in 0.00 ms.
Invoked RoslynAnalysisRunner static constructor.
RoslynAnalysisRunner will not be running.
RoslynAnalysisRunner has terminated.
Mono: successfully reloaded assembly
- Completed reload, in  0.723 seconds
Platform modules already initialized, skipping
Refreshing native plugins compatible for Editor in 0.23 ms, found 0 plugins.
Preloading 0 native plugins for Editor in 0.00 ms.
Unloading 1540 Unused Serialized files (Serialized files now loaded: 0)
System memory in use before: 73.4 MB.
System memory in use after: 73.5 MB.

Unloading 6 unused Assets to reduce memory usage. Loaded Objects now: 2006.
Total: 1.787900 ms (FindLiveObjects: 0.210300 ms CreateObjectMapping: 0.104200 ms MarkObjects: 1.429600 ms  DeleteObjects: 0.042500 ms)

========================================================================
Received Import Request.
  Time since last request: 29.378141 seconds.
  path: Assets/Scripts/InputMaster.cs
  artifactKey: Guid(6cc5e2fa7dcd0964591000850d77707a) Importer(815301076,1909f56bfc062723c751e8b465ee728b)
Start importing Assets/Scripts/InputMaster.cs using Guid(6cc5e2fa7dcd0964591000850d77707a) Importer(815301076,1909f56bfc062723c751e8b465ee728b)  -> (artifact id: '8fd36aa3793cb5c15ee5e3194e509fbb') in 0.007162 seconds
  Import took 0.009256 seconds .

========================================================================
Received Import Request.
  Time since last request: 0.018146 seconds.
  path: Assets/Scripts/InputMaster.cs
  artifactKey: Guid(6cc5e2fa7dcd0964591000850d77707a) Importer(815301076,1909f56bfc062723c751e8b465ee728b)
Start importing Assets/Scripts/InputMaster.cs using Guid(6cc5e2fa7dcd0964591000850d77707a) Importer(815301076,1909f56bfc062723c751e8b465ee728b)  -> (artifact id: '8fd36aa3793cb5c15ee5e3194e509fbb') in 0.002069 seconds
  Import took 0.004418 seconds .

========================================================================
Received Import Request.
  Time since last request: 9.807196 seconds.
  path: Assets/Prefabs/Player/Upchuck.prefab
  artifactKey: Guid(97cf1994283fe314b8cb6852b0a21538) Importer(815301076,1909f56bfc062723c751e8b465ee728b)
Start importing Assets/Prefabs/Player/Upchuck.prefab using Guid(97cf1994283fe314b8cb6852b0a21538) Importer(815301076,1909f56bfc062723c751e8b465ee728b)  -> (artifact id: 'b08a6af8894290eacbc75d61d9400603') in 0.073371 seconds
  Import took 0.075919 seconds .

========================================================================
Received Prepare
Registering precompiled user dll's ...
Registered in 0.000568 seconds.
Begin MonoManager ReloadAssembly
Native extension for WindowsStandalone target not found
Native extension for WebGL target not found
Refreshing native plugins compatible for Editor in 0.25 ms, found 0 plugins.
Preloading 0 native plugins for Editor in 0.00 ms.
Invoked RoslynAnalysisRunner static constructor.
RoslynAnalysisRunner will not be running.
RoslynAnalysisRunner has terminated.
Mono: successfully reloaded assembly
- Completed reload, in  0.710 seconds
Platform modules already initialized, skipping
Refreshing native plugins compatible for Editor in 0.23 ms, found 0 plugins.
Preloading 0 native plugins for Editor in 0.00 ms.
Unloading 1539 Unused Serialized files (Serialized files now loaded: 0)
System memory in use before: 76.8 MB.
System memory in use after: 76.9 MB.

Unloading 7 unused Assets to reduce memory usage. Loaded Objects now: 2015.
Total: 1.777600 ms (FindLiveObjects: 0.245100 ms CreateObjectMapping: 0.075100 ms MarkObjects: 1.392300 ms  DeleteObjects: 0.064400 ms)

========================================================================
Received Import Request.
  Time since last request: 31.265165 seconds.
  path: Assets/Prefabs/Player/PlayerControls.inputactions
  artifactKey: Guid(af9e407ee95c2e14e813ec18e663ba19) Importer(815301076,1909f56bfc062723c751e8b465ee728b)
Start importing Assets/Prefabs/Player/PlayerControls.inputactions using Guid(af9e407ee95c2e14e813ec18e663ba19) Importer(815301076,1909f56bfc062723c751e8b465ee728b)  -> (artifact id: '26854970c89a276cbdeb5db7c0f433fd') in 0.020511 seconds
  Import took 0.023299 seconds .

========================================================================
Received Prepare
Registering precompiled user dll's ...
Registered in 0.000587 seconds.
Begin MonoManager ReloadAssembly
Native extension for WindowsStandalone target not found
Native extension for WebGL target not found
Refreshing native plugins compatible for Editor in 0.23 ms, found 0 plugins.
Preloading 0 native plugins for Editor in 0.00 ms.
Invoked RoslynAnalysisRunner static constructor.
RoslynAnalysisRunner will not be running.
RoslynAnalysisRunner has terminated.
Mono: successfully reloaded assembly
- Completed reload, in  0.687 seconds
Platform modules already initialized, skipping
Refreshing native plugins compatible for Editor in 0.27 ms, found 0 plugins.
Preloading 0 native plugins for Editor in 0.00 ms.
Unloading 1539 Unused Serialized files (Serialized files now loaded: 0)
System memory in use before: 77.3 MB.
System memory in use after: 77.3 MB.

Unloading 6 unused Assets to reduce memory usage. Loaded Objects now: 2017.
Total: 1.677900 ms (FindLiveObjects: 0.140900 ms CreateObjectMapping: 0.049100 ms MarkObjects: 1.453300 ms  DeleteObjects: 0.033900 ms)

========================================================================
Received Import Request.
  Time since last request: 37.934996 seconds.
  path: Assets/Prefabs/Player/PlayerControls.inputactions
  artifactKey: Guid(af9e407ee95c2e14e813ec18e663ba19) Importer(815301076,1909f56bfc062723c751e8b465ee728b)
Start importing Assets/Prefabs/Player/PlayerControls.inputactions using Guid(af9e407ee95c2e14e813ec18e663ba19) Importer(815301076,1909f56bfc062723c751e8b465ee728b)  -> (artifact id: 'd750cb84404ad825c94c8e5657e63cb7') in 0.016764 seconds
  Import took 0.019739 seconds .

========================================================================
Received Import Request.
  Time since last request: 0.001362 seconds.
  path: Assets/Prefabs/Player/PlayerControls.inputactions
  artifactKey: Guid(af9e407ee95c2e14e813ec18e663ba19) Importer(815301076,1909f56bfc062723c751e8b465ee728b)
Start importing Assets/Prefabs/Player/PlayerControls.inputactions using Guid(af9e407ee95c2e14e813ec18e663ba19) Importer(815301076,1909f56bfc062723c751e8b465ee728b)  -> (artifact id: 'd750cb84404ad825c94c8e5657e63cb7') in 0.002508 seconds
  Import took 0.004775 seconds .

========================================================================
Received Prepare
Registering precompiled user dll's ...
Registered in 0.000634 seconds.
Begin MonoManager ReloadAssembly
Native extension for WindowsStandalone target not found
Native extension for WebGL target not found
Refreshing native plugins compatible for Editor in 0.23 ms, found 0 plugins.
Preloading 0 native plugins for Editor in 0.00 ms.
Invoked RoslynAnalysisRunner static constructor.
RoslynAnalysisRunner will not be running.
RoslynAnalysisRunner has terminated.
Mono: successfully reloaded assembly
- Completed reload, in  0.679 seconds
Platform modules already initialized, skipping
Refreshing native plugins compatible for Editor in 0.23 ms, found 0 plugins.
Preloading 0 native plugins for Editor in 0.00 ms.
Unloading 1539 Unused Serialized files (Serialized files now loaded: 0)
System memory in use before: 77.6 MB.
System memory in use after: 77.7 MB.

Unloading 6 unused Assets to reduce memory usage. Loaded Objects now: 2019.
Total: 1.889600 ms (FindLiveObjects: 0.208000 ms CreateObjectMapping: 0.099300 ms MarkObjects: 1.533900 ms  DeleteObjects: 0.047000 ms)

========================================================================
Received Import Request.
  Time since last request: 44.968653 seconds.
  path: Assets/Prefabs/City/2.prefab
  artifactKey: Guid(1d9239cabf7df62419bbcfb8f65be7f2) Importer(815301076,1909f56bfc062723c751e8b465ee728b)
Start importing Assets/Prefabs/City/2.prefab using Guid(1d9239cabf7df62419bbcfb8f65be7f2) Importer(815301076,1909f56bfc062723c751e8b465ee728b)  -> (artifact id: 'be6f073352ff5eab02c16a5abda192dc') in 0.048876 seconds
  Import took 0.051300 seconds .

========================================================================
Received Prepare
Refreshing native plugins compatible for Editor in 10.11 ms, found 0 plugins.
Preloading 0 native plugins for Editor in 0.00 ms.
Unloading 3 Unused Serialized files (Serialized files now loaded: 0)
System memory in use before: 47.4 MB.
System memory in use after: 47.5 MB.

Unloading 3 unused Assets to reduce memory usage. Loaded Objects now: 2020.
Total: 2.726600 ms (FindLiveObjects: 0.165000 ms CreateObjectMapping: 0.050600 ms MarkObjects: 2.472400 ms  DeleteObjects: 0.037200 ms)

AssetImportWorkerClient::OnTransportError - code=2 error=End of file
